<?xml version="1.0" encoding="UTF-8"?>
<!-- Generated by org.testng.reporters.JUnitXMLReporter -->
<testsuite ignored="10" hostname="LAPTOP-RP61NQ22" failures="2" tests="6" name="TestRunner - 1" time="74.63" errors="0" timestamp="2023-09-20T09:45:41 IST">
  <testcase classname="com.Menu_Module.EditMenuAndView_PomTest" name="EditMenuAndView" time="17.01">
    <failure type="org.openqa.selenium.ElementNotInteractableException" message="element not interactable
  (Session info: chrome=116.0.5845.188)
Build info: version: &amp;apos;4.11.0&amp;apos;, revision: &amp;apos;040bc5406b&amp;apos;
System info: os.name: &amp;apos;Windows 11&amp;apos;, os.arch: &amp;apos;amd64&amp;apos;, os.version: &amp;apos;10.0&amp;apos;, java.version: &amp;apos;17.0.8&amp;apos;
Driver info: org.openqa.selenium.chrome.ChromeDriver
Command: [8670de36cff1bd93f5787de025b91b02, clickElement {id=E39313F9E9F985B6150DC5F220BCBFF8_element_75}]
Capabilities {acceptInsecureCerts: false, browserName: chrome, browserVersion: 116.0.5845.188, chrome: {chromedriverVersion: 116.0.5845.96 (1a3918166880..., userDataDir: C:\Users\srksi\AppData\Loca...}, fedcm:accounts: true, goog:chromeOptions: {debuggerAddress: localhost:53323}, networkConnectionEnabled: false, pageLoadStrategy: normal, platformName: windows, proxy: Proxy(), se:cdp: ws://localhost:53323/devtoo..., se:cdpVersion: 116.0.5845.188, setWindowRect: true, strictFileInteractability: false, timeouts: {implicit: 0, pageLoad: 300000, script: 30000}, unhandledPromptBehavior: dismiss and notify, webauthn:extension:credBlob: true, webauthn:extension:largeBlob: true, webauthn:extension:minPinLength: true, webauthn:extension:prf: true, webauthn:virtualAuthenticators: true}
Element: [[ChromeDriver: chrome on windows (8670de36cff1bd93f5787de025b91b02)] -&amp;gt; link text: All Menues]
Session ID: 8670de36cff1bd93f5787de025b91b02">
      <![CDATA[org.openqa.selenium.ElementNotInteractableException: element not interactable
  (Session info: chrome=116.0.5845.188)
Build info: version: '4.11.0', revision: '040bc5406b'
System info: os.name: 'Windows 11', os.arch: 'amd64', os.version: '10.0', java.version: '17.0.8'
Driver info: org.openqa.selenium.chrome.ChromeDriver
Command: [8670de36cff1bd93f5787de025b91b02, clickElement {id=E39313F9E9F985B6150DC5F220BCBFF8_element_75}]
Capabilities {acceptInsecureCerts: false, browserName: chrome, browserVersion: 116.0.5845.188, chrome: {chromedriverVersion: 116.0.5845.96 (1a3918166880..., userDataDir: C:\Users\srksi\AppData\Loca...}, fedcm:accounts: true, goog:chromeOptions: {debuggerAddress: localhost:53323}, networkConnectionEnabled: false, pageLoadStrategy: normal, platformName: windows, proxy: Proxy(), se:cdp: ws://localhost:53323/devtoo..., se:cdpVersion: 116.0.5845.188, setWindowRect: true, strictFileInteractability: false, timeouts: {implicit: 0, pageLoad: 300000, script: 30000}, unhandledPromptBehavior: dismiss and notify, webauthn:extension:credBlob: true, webauthn:extension:largeBlob: true, webauthn:extension:minPinLength: true, webauthn:extension:prf: true, webauthn:virtualAuthenticators: true}
Element: [[ChromeDriver: chrome on windows (8670de36cff1bd93f5787de025b91b02)] -> link text: All Menues]
Session ID: 8670de36cff1bd93f5787de025b91b02
at org.openqa.selenium.remote.codec.w3c.W3CHttpResponseCodec.createException(W3CHttpResponseCodec.java:200)
at org.openqa.selenium.remote.codec.w3c.W3CHttpResponseCodec.decode(W3CHttpResponseCodec.java:133)
at org.openqa.selenium.remote.codec.w3c.W3CHttpResponseCodec.decode(W3CHttpResponseCodec.java:52)
at org.openqa.selenium.remote.HttpCommandExecutor.execute(HttpCommandExecutor.java:191)
at org.openqa.selenium.remote.service.DriverCommandExecutor.invokeExecute(DriverCommandExecutor.java:196)
at org.openqa.selenium.remote.service.DriverCommandExecutor.execute(DriverCommandExecutor.java:171)
at org.openqa.selenium.remote.RemoteWebDriver.execute(RemoteWebDriver.java:518)
at org.openqa.selenium.remote.RemoteWebElement.execute(RemoteWebElement.java:224)
at org.openqa.selenium.remote.RemoteWebElement.click(RemoteWebElement.java:77)
at org.openqa.selenium.support.pagefactory.internal.LocatingElementHandler.invoke(LocatingElementHandler.java:51)
at jdk.proxy2/jdk.proxy2.$Proxy19.click(Unknown Source)
at com.Essan_Rad.ObjectRepo.AdminPanelPage.clickAllMenu(AdminPanelPage.java:62)
at com.Menu_Module.EditMenuAndView_PomTest.EditMenuAndView(EditMenuAndView_PomTest.java:41)
at java.base/java.util.ArrayList.forEach(ArrayList.java:1511)
at java.base/java.util.concurrent.FutureTask.run(FutureTask.java:264)
at java.base/java.util.concurrent.ThreadPoolExecutor.runWorker(ThreadPoolExecutor.java:1136)
at java.base/java.util.concurrent.ThreadPoolExecutor$Worker.run(ThreadPoolExecutor.java:635)
at java.base/java.lang.Thread.run(Thread.java:833)
... Removed 26 stack frames]]>
    </failure>
  </testcase> <!-- EditMenuAndView -->
  <testcase classname="com.Order_Module.UserMyOrdersCheckPomTest" name="UserMyOrdersCheck" time="8.172"/>
  <testcase classname="com.Menu_Module.AddMenuPomTest" name="AddMenu" time="4.893"/>
  <testcase classname="com.Menu_Module.DeleteMenuPomTest" name="DeleteMenu" time="6.502">
    <failure type="org.openqa.selenium.ElementClickInterceptedException" message="element click intercepted: Element &amp;lt;a href=&amp;quot;all_menu.php&amp;quot;&amp;gt;...&amp;lt;/a&amp;gt; is not clickable at point (106, 17). Other element would receive the click: &amp;lt;img src=&amp;quot;images/icn.png&amp;quot; alt=&amp;quot;homepage&amp;quot; class=&amp;quot;dark-logo&amp;quot;&amp;gt;
  (Session info: chrome=116.0.5845.188)
Build info: version: &amp;apos;4.11.0&amp;apos;, revision: &amp;apos;040bc5406b&amp;apos;
System info: os.name: &amp;apos;Windows 11&amp;apos;, os.arch: &amp;apos;amd64&amp;apos;, os.version: &amp;apos;10.0&amp;apos;, java.version: &amp;apos;17.0.8&amp;apos;
Driver info: org.openqa.selenium.chrome.ChromeDriver
Command: [890c876347dd4c99a6b72be33c7d9616, clickElement {id=7A3CA968A14BAE8767CE9FC476B432F9_element_74}]
Capabilities {acceptInsecureCerts: false, browserName: chrome, browserVersion: 116.0.5845.188, chrome: {chromedriverVersion: 116.0.5845.96 (1a3918166880..., userDataDir: C:\Users\srksi\AppData\Loca...}, fedcm:accounts: true, goog:chromeOptions: {debuggerAddress: localhost:53517}, networkConnectionEnabled: false, pageLoadStrategy: normal, platformName: windows, proxy: Proxy(), se:cdp: ws://localhost:53517/devtoo..., se:cdpVersion: 116.0.5845.188, setWindowRect: true, strictFileInteractability: false, timeouts: {implicit: 0, pageLoad: 300000, script: 30000}, unhandledPromptBehavior: dismiss and notify, webauthn:extension:credBlob: true, webauthn:extension:largeBlob: true, webauthn:extension:minPinLength: true, webauthn:extension:prf: true, webauthn:virtualAuthenticators: true}
Element: [[ChromeDriver: chrome on windows (890c876347dd4c99a6b72be33c7d9616)] -&amp;gt; link text: All Menues]
Session ID: 890c876347dd4c99a6b72be33c7d9616">
      <![CDATA[org.openqa.selenium.ElementClickInterceptedException: element click intercepted: Element <a href="all_menu.php">...</a> is not clickable at point (106, 17). Other element would receive the click: <img src="images/icn.png" alt="homepage" class="dark-logo">
  (Session info: chrome=116.0.5845.188)
Build info: version: '4.11.0', revision: '040bc5406b'
System info: os.name: 'Windows 11', os.arch: 'amd64', os.version: '10.0', java.version: '17.0.8'
Driver info: org.openqa.selenium.chrome.ChromeDriver
Command: [890c876347dd4c99a6b72be33c7d9616, clickElement {id=7A3CA968A14BAE8767CE9FC476B432F9_element_74}]
Capabilities {acceptInsecureCerts: false, browserName: chrome, browserVersion: 116.0.5845.188, chrome: {chromedriverVersion: 116.0.5845.96 (1a3918166880..., userDataDir: C:\Users\srksi\AppData\Loca...}, fedcm:accounts: true, goog:chromeOptions: {debuggerAddress: localhost:53517}, networkConnectionEnabled: false, pageLoadStrategy: normal, platformName: windows, proxy: Proxy(), se:cdp: ws://localhost:53517/devtoo..., se:cdpVersion: 116.0.5845.188, setWindowRect: true, strictFileInteractability: false, timeouts: {implicit: 0, pageLoad: 300000, script: 30000}, unhandledPromptBehavior: dismiss and notify, webauthn:extension:credBlob: true, webauthn:extension:largeBlob: true, webauthn:extension:minPinLength: true, webauthn:extension:prf: true, webauthn:virtualAuthenticators: true}
Element: [[ChromeDriver: chrome on windows (890c876347dd4c99a6b72be33c7d9616)] -> link text: All Menues]
Session ID: 890c876347dd4c99a6b72be33c7d9616
at org.openqa.selenium.remote.codec.w3c.W3CHttpResponseCodec.createException(W3CHttpResponseCodec.java:200)
at org.openqa.selenium.remote.codec.w3c.W3CHttpResponseCodec.decode(W3CHttpResponseCodec.java:133)
at org.openqa.selenium.remote.codec.w3c.W3CHttpResponseCodec.decode(W3CHttpResponseCodec.java:52)
at org.openqa.selenium.remote.HttpCommandExecutor.execute(HttpCommandExecutor.java:191)
at org.openqa.selenium.remote.service.DriverCommandExecutor.invokeExecute(DriverCommandExecutor.java:196)
at org.openqa.selenium.remote.service.DriverCommandExecutor.execute(DriverCommandExecutor.java:171)
at org.openqa.selenium.remote.RemoteWebDriver.execute(RemoteWebDriver.java:518)
at org.openqa.selenium.remote.RemoteWebElement.execute(RemoteWebElement.java:224)
at org.openqa.selenium.remote.RemoteWebElement.click(RemoteWebElement.java:77)
at org.openqa.selenium.support.pagefactory.internal.LocatingElementHandler.invoke(LocatingElementHandler.java:51)
at jdk.proxy2/jdk.proxy2.$Proxy19.click(Unknown Source)
at com.Essan_Rad.ObjectRepo.AdminPanelPage.clickAllMenu(AdminPanelPage.java:62)
at com.Menu_Module.DeleteMenuPomTest.DeleteMenu(DeleteMenuPomTest.java:34)
at java.base/java.util.ArrayList.forEach(ArrayList.java:1511)
at java.base/java.util.concurrent.FutureTask.run(FutureTask.java:264)
at java.base/java.util.concurrent.ThreadPoolExecutor.runWorker(ThreadPoolExecutor.java:1136)
at java.base/java.util.concurrent.ThreadPoolExecutor$Worker.run(ThreadPoolExecutor.java:635)
at java.base/java.lang.Thread.run(Thread.java:833)
... Removed 25 stack frames]]>
    </failure>
  </testcase> <!-- DeleteMenu -->
  <testcase classname="com.Order_Module.DeleteOrderAdminPomTest" name="DeleteOrderAdmin" time="18.827"/>
  <testcase classname="com.Restaurant_Module.EditCategoryPomTest" name="EditCategory" time="5.524"/>
  <testcase classname="com.Essan_Rad.GenericUtils.BaseClass" name="@AfterSuite configureAfterSuite" time="0.0">
    <ignored/>
  </testcase> <!-- @AfterSuite configureAfterSuite -->
  <testcase classname="com.Essan_Rad.GenericUtils.BaseClass" name="@AfterSuite configureAfterSuite" time="0.0">
    <ignored/>
  </testcase> <!-- @AfterSuite configureAfterSuite -->
  <testcase classname="com.Essan_Rad.GenericUtils.BaseClass" name="@BeforeSuite configureBeforeSuite" time="0.0">
    <ignored/>
  </testcase> <!-- @BeforeSuite configureBeforeSuite -->
  <testcase classname="com.Essan_Rad.GenericUtils.BaseClass" name="@BeforeSuite configureBeforeSuite" time="0.0">
    <ignored/>
  </testcase> <!-- @BeforeSuite configureBeforeSuite -->
  <testcase classname="com.Essan_Rad.GenericUtils.BaseClass" name="@AfterSuite configureAfterSuite" time="0.0">
    <ignored/>
  </testcase> <!-- @AfterSuite configureAfterSuite -->
  <testcase classname="com.Essan_Rad.GenericUtils.BaseClass" name="@BeforeSuite configureBeforeSuite" time="0.0">
    <ignored/>
  </testcase> <!-- @BeforeSuite configureBeforeSuite -->
  <testcase classname="com.Essan_Rad.GenericUtils.BaseClass" name="@BeforeSuite configureBeforeSuite" time="0.0">
    <ignored/>
  </testcase> <!-- @BeforeSuite configureBeforeSuite -->
  <testcase classname="com.Essan_Rad.GenericUtils.BaseClass" name="@AfterSuite configureAfterSuite" time="0.0">
    <ignored/>
  </testcase> <!-- @AfterSuite configureAfterSuite -->
  <testcase classname="com.Essan_Rad.GenericUtils.BaseClass" name="@BeforeSuite configureBeforeSuite" time="0.0">
    <ignored/>
  </testcase> <!-- @BeforeSuite configureBeforeSuite -->
  <testcase classname="com.Essan_Rad.GenericUtils.BaseClass" name="@AfterSuite configureAfterSuite" time="0.0">
    <ignored/>
  </testcase> <!-- @AfterSuite configureAfterSuite -->
</testsuite> <!-- TestRunner - 1 -->
